[14:37:57] This is prokka 1.14.6
[14:37:57] Written by Torsten Seemann <torsten.seemann@gmail.com>
[14:37:57] Homepage is https://github.com/tseemann/prokka
[14:37:57] Local time is Tue May 30 14:37:57 2023
[14:37:57] You are chenliao
[14:37:57] Operating system is darwin
[14:37:57] You have BioPerl 1.7.8
[14:37:57] System has 8 cores.
[14:37:57] Will use maximum of 8 cores.
[14:37:57] Annotating as >>> Bacteria <<<
[14:37:57] Generating locus_tag from 'data/GCA_001404095.1_CH1034_genomic.fna' contents.
[14:37:57] Setting --locustag IENKBCOO from MD5 2e74bc881ccbdc79e74dcc29f7b25f8f
[14:37:57] Re-using existing --outdir prokka_output
[14:37:57] Using filename prefix: PROKKA_05302023.XXX
[14:37:57] Setting HMMER_NCPU=1
[14:37:57] Writing log to: prokka_output/PROKKA_05302023.log
[14:37:57] Command: /Users/chenliao/opt/anaconda3/bin/prokka --outdir prokka_output --force --addgenes --gffver 3 --genus Klebsiella --species pneumoniae --evalue 1e-10 --usegenus data/GCA_001404095.1_CH1034_genomic.fna
[14:37:57] Appending to PATH: /Users/chenliao/opt/anaconda3/bin
[14:37:57] Looking for 'aragorn' - found /Users/chenliao/opt/anaconda3/bin/aragorn
[14:37:57] Determined aragorn version is 001002 from 'ARAGORN v1.2.41 Dean Laslett'
[14:37:57] Looking for 'barrnap' - found /Users/chenliao/opt/anaconda3/bin/barrnap
[14:37:57] Determined barrnap version is 000008 from 'barrnap 0.8'
[14:37:57] Looking for 'blastp' - found /Users/chenliao/opt/anaconda3/bin/blastp
[14:37:58] Determined blastp version is 002012 from 'blastp: 2.12.0+'
[14:37:58] Looking for 'cmpress' - found /Users/chenliao/opt/anaconda3/bin/cmpress
[14:37:58] Determined cmpress version is 001001 from '# INFERNAL 1.1.4 (Dec 2020)'
[14:37:58] Looking for 'cmscan' - found /Users/chenliao/opt/anaconda3/bin/cmscan
[14:37:58] Determined cmscan version is 001001 from '# INFERNAL 1.1.4 (Dec 2020)'
[14:37:58] Looking for 'egrep' - found /usr/bin/egrep
[14:37:58] Looking for 'find' - found /usr/bin/find
[14:37:58] Looking for 'grep' - found /usr/bin/grep
[14:37:58] Looking for 'hmmpress' - found /Users/chenliao/opt/anaconda3/bin/hmmpress
[14:37:58] Determined hmmpress version is 003003 from '# HMMER 3.3.2 (Nov 2020); http://hmmer.org/'
[14:37:58] Looking for 'hmmscan' - found /Users/chenliao/opt/anaconda3/bin/hmmscan
[14:37:58] Determined hmmscan version is 003003 from '# HMMER 3.3.2 (Nov 2020); http://hmmer.org/'
[14:37:58] Looking for 'java' - found /Users/chenliao/opt/anaconda3/bin/java
[14:37:58] Looking for 'makeblastdb' - found /Users/chenliao/opt/anaconda3/bin/makeblastdb
[14:37:59] Determined makeblastdb version is 002012 from 'makeblastdb: 2.12.0+'
[14:37:59] Looking for 'minced' - found /Users/chenliao/opt/anaconda3/bin/minced
[14:37:59] Determined minced version is 004002 from 'minced 0.4.2'
[14:37:59] Looking for 'parallel' - found /Users/chenliao/opt/anaconda3/bin/parallel
[14:37:59] Determined parallel version is 20230522 from 'GNU parallel 20230522'
[14:37:59] Looking for 'prodigal' - found /Users/chenliao/opt/anaconda3/bin/prodigal
[14:37:59] Determined prodigal version is 002006 from 'Prodigal V2.6.3: February, 2016'
[14:37:59] Looking for 'prokka-genbank_to_fasta_db' - found /Users/chenliao/opt/anaconda3/bin/prokka-genbank_to_fasta_db
[14:37:59] Looking for 'sed' - found /usr/bin/sed
[14:37:59] Looking for 'tbl2asn' - found /Users/chenliao/opt/anaconda3/bin/tbl2asn
[14:37:59] Determined tbl2asn version is 025007 from 'tbl2asn 25.7   arguments:'
[14:37:59] Using genetic code table 11.
[14:37:59] Loading and checking input file: data/GCA_001404095.1_CH1034_genomic.fna
[14:37:59] Wrote 46 contigs totalling 5271927 bp.
[14:37:59] Predicting tRNAs and tmRNAs
[14:37:59] Running: aragorn -l -gc11  -w prokka_output\/PROKKA_05302023\.fna
[14:38:01] 1 tRNA-Leu c[86516,86602] 35 (cag)
[14:38:01] 2 tRNA-Leu c[86634,86720] 35 (cag)
[14:38:01] 3 tRNA-Leu c[86749,86835] 35 (cag)
[14:38:01] 1 tRNA-Asp [9394,9470] 35 (gtc)
[14:38:01] 2 tRNA-Thr c[65058,65133] 34 (cgt)
[14:38:01] 3 tRNA-Arg [280074,280150] 35 (tct)
[14:38:01] 1 tRNA-Gln c[69741,69815] 33 (ctg)
[14:38:01] 2 tRNA-Gln c[69891,69965] 33 (ctg)
[14:38:01] 3 tRNA-Met c[70013,70089] 35 (cat)
[14:38:01] 4 tRNA-Gln c[70113,70187] 33 (ttg)
[14:38:01] 5 tRNA-Gln c[70224,70298] 33 (ttg)
[14:38:01] 6 tRNA-Leu c[70322,70406] 35 (tag)
[14:38:01] 7 tRNA-Met c[70415,70491] 35 (cat)
[14:38:01] 8 tRNA-Lys [129104,129179] 34 (ttt)
[14:38:01] 9 tRNA-Val [129305,129380] 34 (tac)
[14:38:01] 10 tRNA-Lys [129383,129458] 34 (ttt)
[14:38:01] 11 tRNA-Val [129608,129683] 34 (tac)
[14:38:01] 12 tRNA-Lys [129829,129904] 34 (ttt)
[14:38:01] 13 tRNA-Lys [130038,130113] 34 (ttt)
[14:38:01] 1 tRNA-Ser [101910,101997] 35 (tga)
[14:38:01] 2 tRNA-Ser c[146644,146731] 35 (gga)
[14:38:01] 3 tRNA-Ser c[149800,149887] 35 (gga)
[14:38:01] 1 tRNA-Val [114801,114877] 35 (gac)
[14:38:01] 2 tRNA-Val [114882,114958] 35 (gac)
[14:38:01] 3 tRNA-Val [114963,115039] 35 (gac)
[14:38:01] 1 tRNA-Tyr [145277,145361] 35 (gta)
[14:38:01] 2 tRNA-Leu c[355000,355086] 35 (taa)
[14:38:01] 3 tRNA-Cys c[355100,355173] 33 (gca)
[14:38:01] 4 tRNA-Gly c[355214,355289] 34 (gcc)
[14:38:01] 5 tRNA-Ser c[376395,376484] 35 (cga)
[14:38:01] 6 tRNA-Asn [377476,377551] 34 (gtt)
[14:38:01] 7 tRNA-Asn [383201,383276] 34 (gtt)
[14:38:01] 1 tRNA-Asn c[73765,73840] 34 (gtt)
[14:38:01] 2 tRNA-Asn [75598,75673] 34 (gtt)
[14:38:01] 3 tRNA-Pro [275743,275819] 35 (ggg)
[14:38:01] 4 tRNA-Arg [392632,392706] 34 (cct)
[14:38:01] 1 tRNA-Ala c[804,879] 34 (tgc)
[14:38:01] 2 tRNA-Ala c[921,996] 34 (ggc)
[14:38:01] 3 tRNA-Val [3695,3770] 34 (tac)
[14:38:01] 4 tRNA-Val [3816,3891] 34 (tac)
[14:38:01] 5 tRNA-Val [3938,4013] 34 (tac)
[14:38:01] 6 tRNA-Lys [4018,4093] 34 (ttt)
[14:38:01] 1 tmRNA [26721,27083] 90,125 ANDENYALAA**
[14:38:01] 2 tRNA-Arg c[89344,89420] 35 (acg)
[14:38:01] 3 tRNA-Arg c[89649,89725] 35 (acg)
[14:38:01] 4 tRNA-Arg c[89787,89863] 35 (acg)
[14:38:01] 5 tRNA-Arg c[90014,90090] 35 (acg)
[14:38:01] 6 tRNA-Ser c[90095,90187] 35 (gct)
[14:38:01] 7 tRNA-Met [240410,240486] 35 (cat)
[14:38:01] 1 tRNA-Gly c[7808,7881] 33 (ccc)
[14:38:01] 1 tRNA-Trp [71,146] 34 (cca)
[14:38:01] 2 tRNA-Arg [38179,38255] 35 (ccg)
[14:38:01] 3 tRNA-His [38311,38386] 34 (gtg)
[14:38:01] 4 tRNA-Leu [38410,38496] 35 (cag)
[14:38:01] 5 tRNA-Pro [38539,38615] 35 (tgg)
[14:38:01] 1 tRNA-Phe [43115,43190] 34 (gaa)
[14:38:01] 2 tRNA-Met [119653,119728] 34 (cat)
[14:38:01] 3 tRNA-Met c[246225,246301] 35 (cat)
[14:38:01] 4 tRNA-Leu c[250232,250318] 35 (gag)
[14:38:01] 1 tRNA-Thr c[40545,40620] 34 (ggt)
[14:38:01] 1 tRNA-Pro c[137,213] 35 (cgg)
[14:38:01] 2 tRNA-SeC [128405,128499] 35 (tca)
[14:38:01] 1 tRNA-Thr [3870,3945] 34 (tgt)
[14:38:01] 2 tRNA-Tyr [3956,4040] 35 (gta)
[14:38:01] 3 tRNA-Gly [4156,4230] 34 (tcc)
[14:38:01] 4 tRNA-Thr [4236,4311] 34 (ggt)
[14:38:01] 1 tRNA-Phe c[534,609] 34 (gaa)
[14:38:01] 1 tRNA-Gly [21680,21755] 34 (gcc)
[14:38:01] 2 tRNA-Gly [21824,21899] 34 (gcc)
[14:38:01] 3 tRNA-Gly [21972,22047] 34 (gcc)
[14:38:01] 1 tRNA-Leu [17933,18017] 35 (caa)
[14:38:01] Found 71 tRNAs
[14:38:01] Predicting Ribosomal RNAs
[14:38:01] Running Barrnap with 8 threads
[14:38:03] 1 CXPD01000020.1 120867 5S ribosomal RNA
[14:38:03] 2 CXPD01000020.1 121170 23S ribosomal RNA
[14:38:03] 3 CXPD01000020.1 124148 16S ribosomal RNA
[14:38:03] 4 CXPD01000027.1 40395 5S ribosomal RNA
[14:38:03] 5 CXPD01000034.1 83 5S ribosomal RNA
[14:38:03] Found 5 rRNAs
[14:38:03] Skipping ncRNA search, enable with --rfam if desired.
[14:38:03] Total of 75 tRNA + rRNA features
[14:38:03] Searching for CRISPR repeats
[14:38:03] Found 0 CRISPRs
[14:38:03] Predicting coding sequences
[14:38:03] Contigs total 5271927 bp, so using single mode
[14:38:03] Running: prodigal -i prokka_output\/PROKKA_05302023\.fna -c -m -g 11 -p single -f sco -q
[14:38:08] Excluding CDS which overlaps existing RNA (tRNA) at CXPD01000016.1:114552..115037 on - strand
[14:38:09] Excluding CDS which overlaps existing RNA (tRNA) at CXPD01000024.1:246126..246332 on + strand
[14:38:10] Found 4851 CDS
[14:38:10] Connecting features back to sequences
[14:38:10] Skipping genus-specific proteins as can't see /Users/chenliao/opt/anaconda3/db/Klebsiella
[14:38:10] Annotating CDS, please be patient.
[14:38:10] Will use 8 CPUs for similarity searching.
[14:38:11] There are still 4851 unannotated CDS left (started with 4851)
[14:38:11] Will use blast to search against /Users/chenliao/opt/anaconda3/db/kingdom/Bacteria/IS with 8 CPUs
[14:38:11] Running: cat prokka_output\/PROKKA_05302023\.IS\.tmp\.14900\.faa | parallel --gnu --plain -j 8 --block 98814 --recstart '>' --pipe blastp -query - -db /Users/chenliao/opt/anaconda3/db/kingdom/Bacteria/IS -evalue 1e-30 -qcov_hsp_perc 90 -num_threads 1 -num_descriptions 1 -num_alignments 1 -seg no > prokka_output\/PROKKA_05302023\.IS\.tmp\.14900\.blast 2> /dev/null
[14:38:26] Deleting unwanted file: prokka_output/PROKKA_05302023.IS.tmp.14900.faa
[14:38:26] Deleting unwanted file: prokka_output/PROKKA_05302023.IS.tmp.14900.blast
[14:38:27] There are still 4823 unannotated CDS left (started with 4851)
[14:38:27] Will use blast to search against /Users/chenliao/opt/anaconda3/db/kingdom/Bacteria/AMR with 8 CPUs
[14:38:27] Running: cat prokka_output\/PROKKA_05302023\.AMR\.tmp\.14900\.faa | parallel --gnu --plain -j 8 --block 98424 --recstart '>' --pipe blastp -query - -db /Users/chenliao/opt/anaconda3/db/kingdom/Bacteria/AMR -evalue 1e-300 -qcov_hsp_perc 90 -num_threads 1 -num_descriptions 1 -num_alignments 1 -seg no > prokka_output\/PROKKA_05302023\.AMR\.tmp\.14900\.blast 2> /dev/null
[14:38:38] Deleting unwanted file: prokka_output/PROKKA_05302023.AMR.tmp.14900.faa
[14:38:38] Deleting unwanted file: prokka_output/PROKKA_05302023.AMR.tmp.14900.blast
[14:38:39] There are still 4822 unannotated CDS left (started with 4851)
[14:38:39] Will use blast to search against /Users/chenliao/opt/anaconda3/db/kingdom/Bacteria/sprot with 8 CPUs
[14:38:39] Running: cat prokka_output\/PROKKA_05302023\.sprot\.tmp\.14900\.faa | parallel --gnu --plain -j 8 --block 98358 --recstart '>' --pipe blastp -query - -db /Users/chenliao/opt/anaconda3/db/kingdom/Bacteria/sprot -evalue 1e-10 -qcov_hsp_perc 80 -num_threads 1 -num_descriptions 1 -num_alignments 1 -seg no > prokka_output\/PROKKA_05302023\.sprot\.tmp\.14900\.blast 2> /dev/null
[14:39:37] Modify product: Probable 2-dehydro-3-deoxygalactonokinase DgoK1 => putative 2-dehydro-3-deoxygalactonokinase DgoK1
[14:39:37] Modify product: Probable glucosamine-6-phosphate deaminase 2 => putative glucosamine-6-phosphate deaminase 2
[14:39:37] Modify product: Probable transport protein HsrA => putative transport protein HsrA
[14:39:37] Modify product: Probable 2-dehydro-3-deoxygalactonokinase DgoK1 => putative 2-dehydro-3-deoxygalactonokinase DgoK1
[14:39:37] Modify product: Probable L-galactonate transporter => putative L-galactonate transporter
[14:39:37] Modify product: Probable HTH-type transcriptional regulator LgoR => putative HTH-type transcriptional regulator LgoR
[14:39:37] Modify product: Probable HTH-type transcriptional regulator LgoR => putative HTH-type transcriptional regulator LgoR
[14:39:37] Modify product: UPF0442 protein YjjB => hypothetical protein
[14:39:37] Modify product: Uncharacterized metal-dependent hydrolase YjjV => putative metal-dependent hydrolase YjjV
[14:39:37] Modify product: Probable inner membrane protein Smp => putative inner membrane protein Smp
[14:39:37] Modify product: Uncharacterized lipoprotein YgdR => putative lipoprotein YgdR
[14:39:37] Modify product: Probable glucarate transporter => putative glucarate transporter
[14:39:37] Modify product: Probable DNA endonuclease SmrA => putative DNA endonuclease SmrA
[14:39:37] Modify product: Uncharacterized protein YnfD => putative protein YnfD
[14:39:37] Modify product: UPF0482 protein YnfB => hypothetical protein
[14:39:37] Modify product: UPF0060 membrane protein YnfA => hypothetical protein
[14:39:37] Modify product: Probable L-galactonate transporter => putative L-galactonate transporter
[14:39:37] Modify product: Uncharacterized MFS-type transporter YhhS => putative MFS-type transporter YhhS
[14:39:37] Modify product: Uncharacterized protein YycE => putative protein YycE
[14:39:37] Modify product: Probable fimbrial chaperone YraI => putative fimbrial chaperone YraI
[14:39:37] Modify product: Uncharacterized signaling protein CC_0091 => putative signaling protein
[14:39:37] Modify product: Probable 3-hydroxyisobutyrate dehydrogenase => putative 3-hydroxyisobutyrate dehydrogenase
[14:39:37] Modify product: Probable allantoin permease => putative allantoin permease
[14:39:37] Modify product: Putative thiamine biosynthesis protein HI_0357 => Putative thiamine biosynthesis protein
[14:39:37] Modify product: UPF0702 transmembrane protein YetF => hypothetical protein
[14:39:37] Modify product: Uncharacterized oxidoreductase YghA => putative oxidoreductase YghA
[14:39:37] Modify product: Uncharacterized ABC transporter ATP-binding protein YheS => putative ABC transporter ATP-binding protein YheS
[14:39:37] Modify product: Probable D,D-dipeptide transport system permease protein DdpC => putative D,D-dipeptide transport system permease protein DdpC
[14:39:37] Modify product: Uncharacterized oxidoreductase YciK => putative oxidoreductase YciK
[14:39:37] Modify product: Probable protease SohB => putative protease SohB
[14:39:37] Modify product: Uncharacterized protein YciH => putative protein YciH
[14:39:37] Modify product: UPF0509 protein YciZ => hypothetical protein
[14:39:37] Modify product: Uncharacterized protein YcjX => putative protein YcjX
[14:39:37] Modify product: UPF0283 membrane protein YcjF => hypothetical protein
[14:39:37] Modify product: Probable 6-phospho-beta-glucosidase => putative 6-phospho-beta-glucosidase
[14:39:37] Modify product: Uncharacterized protein PA2218 => putative protein
[14:39:37] Modify product: Uncharacterized oxidoreductase YtbE => putative oxidoreductase YtbE
[14:39:37] Modify product: Probable D-methionine-binding lipoprotein MetQ => putative D-methionine-binding lipoprotein MetQ
[14:39:37] Modify product: Uncharacterized oxidoreductase YdgJ => putative oxidoreductase YdgJ
[14:39:37] Modify product: Uncharacterized protein YdfO => putative protein YdfO
[14:39:37] Modify product: UPF0394 inner membrane protein YedE => hypothetical protein
[14:39:37] Modify product: Probable acyltransferase YihG => putative acyltransferase YihG
[14:39:37] Modify product: Probable GTP-binding protein EngB => putative GTP-binding protein EngB
[14:39:37] Modify product: UPF0761 membrane protein YihY => hypothetical protein
[14:39:37] Modify product: Probable fructose-bisphosphate aldolase => putative fructose-bisphosphate aldolase
[14:39:37] Modify product: Probable cystine transporter YijE => putative cystine transporter YijE
[14:39:37] Modify product: Probable peptidoglycan glycosyltransferase FtsW => putative peptidoglycan glycosyltransferase FtsW
[14:39:37] Modify product: UPF0231 protein YacL => hypothetical protein
[14:39:37] Modify product: Uncharacterized ABC transporter ATP-binding protein YadG => putative ABC transporter ATP-binding protein YadG
[14:39:37] Modify product: UPF0126 inner membrane protein YadS => hypothetical protein
[14:39:37] Modify product: UPF0253 protein YaeP => hypothetical protein
[14:39:37] Modify product: Uncharacterized protein YaeQ => putative protein YaeQ
[14:39:37] Modify product: Uncharacterized methyltransferase YcgJ => putative methyltransferase YcgJ
[14:39:37] Modify product: Uncharacterized protein Rv2277c => putative protein
[14:39:37] Modify product: Uncharacterized N-acetyltransferase YafP => putative N-acetyltransferase YafP
[14:39:37] Modify product: UPF0255 protein VV1_0328 => hypothetical protein
[14:39:37] Modify product: Uncharacterized protein YjhP => putative protein YjhP
[14:39:37] Modify product: Probable phosphatase Rv3661 => putative phosphatase
[14:39:37] Modify product: Probable fimbrial chaperone EcpB => putative fimbrial chaperone EcpB
[14:39:37] Modify product: Probable outer membrane usher protein EcpC => putative outer membrane usher protein EcpC
[14:39:37] Modify product: Probable fimbrial chaperone EcpE => putative fimbrial chaperone EcpE
[14:39:37] Modify product: Probable glutamine ABC transporter permease protein GlnP => putative glutamine ABC transporter permease protein GlnP
[14:39:37] Modify product: Leu/Ile/Val-binding protein homolog 3 => Leu/Ile/Val-binding protein 
[14:39:37] Modify product: Uncharacterized amino acid permease YhdG => putative amino acid permease YhdG
[14:39:37] Modify product: UPF0178 protein YaiI => hypothetical protein
[14:39:37] Modify product: Uncharacterized protein YaiA => putative protein YaiA
[14:39:37] Modify product: Uncharacterized lipoprotein YajI => putative lipoprotein YajI
[14:39:37] Modify product: Probable L,D-transpeptidase YcbB => putative L,D-transpeptidase YcbB
[14:39:37] Modify product: Uncharacterized protein YcbX => putative protein YcbX
[14:39:37] Modify product: Uncharacterized protein YccU => putative protein YccU
[14:39:37] Modify product: UPF0098 protein YbcL => hypothetical protein
[14:39:37] Modify product: Probable cyclic di-GMP phosphodiesterase PdeG => putative cyclic di-GMP phosphodiesterase PdeG
[14:39:37] Modify product: Uncharacterized protein YccJ => putative protein YccJ
[14:39:37] Modify product: Probable malonic semialdehyde reductase RutE => putative malonic semialdehyde reductase RutE
[14:39:37] Modify product: Probable hydrolase YcaC => putative hydrolase YcaC
[14:39:37] Modify product: Probable phosphatase YcdX => putative phosphatase YcdX
[14:39:37] Modify product: UPF0176 protein YceA => hypothetical protein
[14:39:37] Modify product: Uncharacterized lipoprotein YceB => putative lipoprotein YceB
[14:39:37] Modify product: UPF0502 protein YceH => hypothetical protein
[14:39:37] Modify product: Probable lipid II flippase MurJ => putative lipid II flippase MurJ
[14:39:37] Modify product: Uncharacterized metal-dependent hydrolase YcfH => putative metal-dependent hydrolase YcfH
[14:39:37] Modify product: UPF0227 protein YcfP => hypothetical protein
[14:39:37] Modify product: Probable L,D-transpeptidase YcfS => putative L,D-transpeptidase YcfS
[14:39:37] Modify product: Probable zinc-binding alcohol dehydrogenase Rv1895 => putative zinc-binding alcohol dehydrogenase
[14:39:37] Modify product: Uncharacterized membrane protein YoaK => putative membrane protein YoaK
[14:39:37] Modify product: Stress response UPF0229 protein YhbH => hypothetical protein
[14:39:37] Modify product: Uncharacterized acyl-CoA thioester hydrolase HI_0827 => putative acyl-CoA thioester hydrolase
[14:39:37] Modify product: Probable intracellular septation protein A => putative intracellular septation protein A
[14:39:37] Modify product: UPF0259 membrane protein YciC => hypothetical protein
[14:39:37] Modify product: PKHD-type hydroxylase Sbal_3634 => PKHD-type hydroxylase
[14:39:37] Modify product: Uncharacterized protein YciO => putative protein YciO
[14:39:37] Modify product: Probable nitrate reductase molybdenum cofactor assembly chaperone NarW => putative nitrate reductase molybdenum cofactor assembly chaperone NarW
[14:39:37] Modify product: Uncharacterized lipoprotein YgdR => putative lipoprotein YgdR
[14:39:37] Modify product: Uncharacterized protein YncE => putative protein YncE
[14:39:37] Modify product: UPF0381 protein YiiS => hypothetical protein
[14:39:37] Modify product: Uncharacterized protein YdcY => putative protein YdcY
[14:39:37] Modify product: 23S rRNA 5-hydroxycytidine C2501 synthase => 23S rRNA 5-hydroxycytidine synthase
[14:39:37] Modify product: Uncharacterized protein Rv3292 => putative protein
[14:39:37] Modify product: Probable transporter SCO4007 => putative transporter
[14:39:37] Modify product: Uncharacterized oxidoreductase YdgJ => putative oxidoreductase YdgJ
[14:39:37] Modify product: Uncharacterized HTH-type transcriptional regulator YahB => putative HTH-type transcriptional regulator YahB
[14:39:38] Modify product: Probable D,D-dipeptide transport ATP-binding protein DdpD => putative D,D-dipeptide transport ATP-binding protein DdpD
[14:39:38] Modify product: Probable succinyl-CoA:3-ketoacid coenzyme A transferase subunit A => putative succinyl-CoA:3-ketoacid coenzyme A transferase subunit A
[14:39:38] Modify product: Probable succinyl-CoA:3-ketoacid coenzyme A transferase subunit B => putative succinyl-CoA:3-ketoacid coenzyme A transferase subunit B
[14:39:38] Modify product: Probable siderophore transport system permease protein YfiZ => putative siderophore transport system permease protein YfiZ
[14:39:38] Modify product: Probable siderophore transport system ATP-binding protein YusV => putative siderophore transport system ATP-binding protein YusV
[14:39:38] Modify product: Uncharacterized protein HI_1472 => putative protein
[14:39:38] Modify product: Probable ABC transporter permease protein HI_1471 => putative ABC transporter permease protein
[14:39:38] Modify product: Uncharacterized ABC transporter ATP-binding protein HI_1470 => putative ABC transporter ATP-binding protein
[14:39:38] Modify product: Probable L,D-transpeptidase YnhG => putative L,D-transpeptidase YnhG
[14:39:38] Modify product: Probable ATP-dependent transporter SufC => putative ATP-dependent transporter SufC
[14:39:38] Modify product: Uncharacterized protein HI_1163 => putative protein
[14:39:38] Modify product: Probable ketoamine kinase HMPREF0351_12196 => putative ketoamine kinase
[14:39:38] Modify product: UPF0263 protein YciU => hypothetical protein
[14:39:38] Modify product: UPF0056 inner membrane protein MarC => hypothetical protein
[14:39:38] Modify product: Uncharacterized NTE family protein Rv1063c => putative NTE family protein
[14:39:38] Modify product: UPF0225 protein YchJ => hypothetical protein
[14:39:38] Modify product: UPF0234 protein YajQ => hypothetical protein
[14:39:38] Modify product: Uncharacterized protein HI_1008 => putative protein
[14:39:38] Modify product: Probable multidrug resistance ABC transporter ATP-binding/permease protein YheI => putative multidrug resistance ABC transporter ATP-binding/permease protein YheI
[14:39:38] Modify product: Uncharacterized lipoprotein YbaY => putative lipoprotein YbaY
[14:39:38] Modify product: Probable cyclic di-GMP phosphodiesterase PdeB => putative cyclic di-GMP phosphodiesterase PdeB
[14:39:38] Modify product: Probable iron export ATP-binding protein FetA => putative iron export ATP-binding protein FetA
[14:39:38] Modify product: Probable iron export permease protein FetB => putative iron export permease protein FetB
[14:39:38] Modify product: Uncharacterized ABC transporter ATP-binding protein Rv0986 => putative ABC transporter ATP-binding protein
[14:39:38] Modify product: Uncharacterized protein YbcJ => putative protein YbcJ
[14:39:38] Modify product: Bifunctional protein FolD => Bifunctional protein FolD protein
[14:39:38] Modify product: Probable cadaverine/lysine antiporter => putative cadaverine/lysine antiporter
[14:39:38] Modify product: Uncharacterized protein YncE => putative protein YncE
[14:39:38] Modify product: Uncharacterized protein Rv0906 => putative protein
[14:39:38] Modify product: Probable cation-transporting ATPase F => putative cation-transporting ATPase F
[14:39:38] Modify product: Probable D,D-dipeptide transport ATP-binding protein DdpF => putative D,D-dipeptide transport ATP-binding protein DdpF
[14:39:38] Modify product: Probable D,D-dipeptide transport system permease protein DdpC => putative D,D-dipeptide transport system permease protein DdpC
[14:39:38] Modify product: Probable D,D-dipeptide-binding periplasmic protein DdpA => putative D,D-dipeptide-binding periplasmic protein DdpA
[14:39:38] Modify product: Uncharacterized sugar kinase YdjH => putative sugar kinase YdjH
[14:39:38] Modify product: Uncharacterized protein YbdM => putative protein YbdM
[14:39:38] Modify product: Uncharacterized HTH-type transcriptional regulator YbdO => putative HTH-type transcriptional regulator YbdO
[14:39:38] Modify product: Uncharacterized HTH-type transcriptional regulator YbdO => putative HTH-type transcriptional regulator YbdO
[14:39:38] Modify product: UPF0250 protein YbeD => hypothetical protein
[14:39:38] Modify product: Uncharacterized lipoprotein ChiQ => putative lipoprotein ChiQ
[14:39:38] Modify product: Uncharacterized protein YbfE => putative protein YbfE
[14:39:38] Modify product: GTP cyclohydrolase 1 type 2 homolog => GTP cyclohydrolase 1 type 2 
[14:39:38] Modify product: Probable two-component-system connector protein AriR => putative two-component-system connector protein AriR
[14:39:38] Modify product: Probable two-component-system connector protein YcgZ => putative two-component-system connector protein YcgZ
[14:39:38] Modify product: Probable cation-transporting ATPase F => putative cation-transporting ATPase F
[14:39:38] Modify product: UPF0098 protein YbhB => hypothetical protein
[14:39:38] Modify product: Probable multidrug ABC transporter permease YbhR => putative multidrug ABC transporter permease YbhR
[14:39:38] Modify product: Probable multidrug ABC transporter permease YbhS => putative multidrug ABC transporter permease YbhS
[14:39:38] Modify product: Probable multidrug ABC transporter ATP-binding protein YbhF => putative multidrug ABC transporter ATP-binding protein YbhF
[14:39:38] Modify product: UPF0194 membrane protein YbhG => hypothetical protein
[14:39:38] Modify product: Probable glucarate transporter => putative glucarate transporter
[14:39:38] Modify product: Uncharacterized protein YbiB => putative protein YbiB
[14:39:38] Modify product: Uncharacterized protein YbiI => putative protein YbiI
[14:39:38] Modify product: Uncharacterized protein McbA => putative protein McbA
[14:39:38] Modify product: Probable L,D-transpeptidase YbiS => putative L,D-transpeptidase YbiS
[14:39:38] Modify product: Uncharacterized ABC transporter ATP-binding protein YbiT => putative ABC transporter ATP-binding protein YbiT
[14:39:38] Modify product: Uncharacterized protein YbiU => putative protein YbiU
[14:39:38] Modify product: Uncharacterized protein YbjN => putative protein YbjN
[14:39:38] Modify product: Uncharacterized lipoprotein YbjP => putative lipoprotein YbjP
[14:39:38] Modify product: Uncharacterized MFS-type transporter YcaD => putative MFS-type transporter YcaD
[14:39:38] Modify product: Probable formate transporter 1 => putative formate transporter 1
[14:39:38] Modify product: UPF0434 protein YcaR => hypothetical protein
[14:39:38] Modify product: Uncharacterized protein Rv2569c => putative protein
[14:39:38] Modify product: Uncharacterized protein Rv2567 => putative protein
[14:39:38] Modify product: Uncharacterized protein Rv2411c => putative protein
[14:39:38] Modify product: Uncharacterized protein YeaR => putative protein YeaR
[14:39:38] Modify product: Uncharacterized protein YcgM => putative protein YcgM
[14:39:38] Modify product: Probable ATP-dependent DNA helicase YoaA => putative ATP-dependent DNA helicase YoaA
[14:39:38] Modify product: Probable cyclic di-GMP phosphodiesterase PdeD => putative cyclic di-GMP phosphodiesterase PdeD
[14:39:38] Modify product: UPF0053 inner membrane protein YoaE => hypothetical protein
[14:39:38] Modify product: UPF0266 membrane protein YobD => hypothetical protein
[14:39:38] Modify product: Probable manganese efflux pump MntP => putative manganese efflux pump MntP
[14:39:38] Modify product: Uncharacterized protein YebV => putative protein YebV
[14:39:38] Modify product: Uncharacterized protein HI_0461 => putative protein
[14:39:38] Modify product: Probable transcriptional regulatory protein YebC => putative transcriptional regulatory protein YebC
[14:39:38] Modify product: Probable transport protein HsrA => putative transport protein HsrA
[14:39:38] Modify product: Probable diguanylate cyclase DgcQ => putative diguanylate cyclase DgcQ
[14:39:38] Modify product: Uncharacterized inner membrane transporter YedA => putative inner membrane transporter YedA
[14:39:38] Modify product: Uncharacterized protein YedJ => putative protein YedJ
[14:39:38] Modify product: Probable L,D-transpeptidase ErfK/SrfK => putative L,D-transpeptidase ErfK/SrfK
[14:39:38] Modify product: Putative multidrug export ATP-binding/permease protein SAV1866 => Putative multidrug export ATP-binding/permease protein
[14:39:38] Modify product: Probable acrylyl-CoA reductase AcuI => putative acrylyl-CoA reductase AcuI
[14:39:38] Modify product: Probable FMN/FAD exporter YeeO => putative FMN/FAD exporter YeeO
[14:39:38] Modify product: Uncharacterized protein YeaR => putative protein YeaR
[14:39:38] Modify product: Uncharacterized signaling protein CC_0091 => putative signaling protein
[14:39:38] Modify product: UPF0265 protein YeeX => hypothetical protein
[14:39:38] Modify product: Probable UbiX-like flavin prenyltransferase => putative UbiX-like flavin prenyltransferase
[14:39:38] Modify product: Probable glucarate transporter => putative glucarate transporter
[14:39:38] Modify product: Probable glucarate transporter => putative glucarate transporter
[14:39:38] Modify product: Uncharacterized protein PA3435 => putative protein
[14:39:38] Modify product: Uncharacterized protein YqcC => putative protein YqcC
[14:39:38] Modify product: Probable FMNH2-dependent monooxygenase SfnC => putative FMNH2-dependent monooxygenase SfnC
[14:39:38] Modify product: Uncharacterized HTH-type transcriptional regulator YdjF => putative HTH-type transcriptional regulator YdjF
[14:39:38] Modify product: UPF0382 inner membrane protein YgdD => hypothetical protein
[14:39:38] Modify product: Uncharacterized lipoprotein YgdR => putative lipoprotein YgdR
[14:39:38] Modify product: Probable cobalt-factor III C(17)-methyltransferase => putative cobalt-factor III C(17)-methyltransferase
[14:39:38] Modify product: Probable propionate kinase => putative propionate kinase
[14:39:38] Modify product: UPF0053 inner membrane protein YgdQ => hypothetical protein
[14:39:38] Modify product: Uncharacterized lipoprotein YgdR => putative lipoprotein YgdR
[14:39:38] Modify product: Probable fimbrial chaperone YadV => putative fimbrial chaperone YadV
[14:39:38] Modify product: Probable major fimbrial subunit LpfA => putative major fimbrial subunit LpfA
[14:39:38] Modify product: Uncharacterized protein YjdJ => putative protein YjdJ
[14:39:38] Modify product: UPF0073 inner membrane protein YqfA => hypothetical protein
[14:39:38] Modify product: UPF0267 protein YqfB => hypothetical protein
[14:39:38] Modify product: Uncharacterized oxidoreductase YgfF => putative oxidoreductase YgfF
[14:39:38] Modify product: UPF0149 protein HI_0817 => hypothetical protein
[14:39:38] Modify product: UPF0438 protein YifE => hypothetical protein
[14:39:38] Modify product: Uncharacterized membrane protein YdfK => putative membrane protein YdfK
[14:39:38] Modify product: Probable ECA polymerase => putative ECA polymerase
[14:39:38] Modify product: Probable transport protein YifK => putative transport protein YifK
[14:39:38] Modify product: UPF0053 inner membrane protein YoaE => hypothetical protein
[14:39:38] Modify product: 23S rRNA 5-hydroxycytidine C2501 synthase => 23S rRNA 5-hydroxycytidine synthase
[14:39:38] Modify product: Probable lipid kinase YegS => putative lipid kinase YegS
[14:39:38] Modify product: UPF0299 membrane protein YohJ => hypothetical protein
[14:39:38] Modify product: UPF0324 inner membrane protein YeiH => hypothetical protein
[14:39:38] Modify product: UPF0153 protein YeiW => hypothetical protein
[14:39:38] Modify product: Probable cyclic di-GMP phosphodiesterase PdeN => putative cyclic di-GMP phosphodiesterase PdeN
[14:39:38] Modify product: Uncharacterized ABC transporter ATP-binding protein YejF => putative ABC transporter ATP-binding protein YejF
[14:39:38] Modify product: Uncharacterized protein YejG => putative protein YejG
[14:39:38] Modify product: UPF0352 protein YejL => hypothetical protein
[14:39:38] Modify product: Putative transport protein Rv1101c => Putative transport protein
[14:39:38] Modify product: Uncharacterized HTH-type transcriptional regulator RhmR => putative HTH-type transcriptional regulator RhmR
[14:39:38] Modify product: UPF0304 protein YfbU => hypothetical protein
[14:39:38] Modify product: UPF0208 membrane protein YfbV => hypothetical protein
[14:39:38] Modify product: Uncharacterized Nudix hydrolase YfcD => putative Nudix hydrolase YfcD
[14:39:38] Modify product: Epimerase family protein SA0724 => Epimerase family protein
[14:39:38] Modify product: Uncharacterized MFS-type transporter YfcJ => putative MFS-type transporter YfcJ
[14:39:38] Modify product: Probable membrane transporter protein YfcA => putative membrane transporter protein YfcA
[14:39:38] Modify product: UPF0381 protein YiiS => hypothetical protein
[14:39:38] Modify product: Uncharacterized transporter YycB => putative transporter YycB
[14:39:38] Modify product: Probable cyclic di-GMP phosphodiesterase PdeA => putative cyclic di-GMP phosphodiesterase PdeA
[14:39:38] Modify product: Probable cyclic di-GMP phosphodiesterase PdeA => putative cyclic di-GMP phosphodiesterase PdeA
[14:39:38] Modify product: Uncharacterized protein YybH => putative protein YybH
[14:39:38] Modify product: Uncharacterized protein YfeY => putative protein YfeY
[14:39:39] Modify product: Uncharacterized protein YfgD => putative protein YfgD
[14:39:39] Modify product: Uncharacterized protein YfgJ => putative protein YfgJ
[14:39:39] Modify product: UPF0070 protein HI_0370 => hypothetical protein
[14:39:39] Modify product: Probable 3-phenylpropionic acid transporter => putative 3-phenylpropionic acid transporter
[14:39:39] Modify product: Uncharacterized protein YphB => putative protein YphB
[14:39:39] Modify product: Uncharacterized tRNA/rRNA methyltransferase YfiF => putative tRNA/rRNA methyltransferase YfiF
[14:39:39] Modify product: UPF0053 inner membrane protein YfjD => hypothetical protein
[14:39:39] Modify product: UPF0125 protein RatB => hypothetical protein
[14:39:39] Modify product: Probable fimbrial chaperone YadV => putative fimbrial chaperone YadV
[14:39:39] Modify product: Probable fimbrial chaperone YraI => putative fimbrial chaperone YraI
[14:39:39] Modify product: Probable HTH-type transcriptional regulator YgaV => putative HTH-type transcriptional regulator YgaV
[14:39:39] Modify product: Uncharacterized protein YgaM => putative protein YgaM
[14:39:39] Modify product: Uncharacterized periplasmic iron-binding protein HI_0362 => putative periplasmic iron-binding protein
[14:39:39] Modify product: Probable protein kinase UbiB => putative protein kinase UbiB
[14:39:39] Modify product: Probable sulfoacetate transporter SauU => putative sulfoacetate transporter SauU
[14:39:39] Modify product: UPF0301 protein YqgE => hypothetical protein
[14:39:39] Modify product: Uncharacterized protein YggR => putative protein YggR
[14:39:39] Modify product: UPF0235 protein YggU => hypothetical protein
[14:39:39] Modify product: Uncharacterized protein HI_0341 => putative protein
[14:39:39] Modify product: Probable Fe(2+)-trafficking protein => putative Fe(2+)-trafficking protein
[14:39:39] Modify product: Uncharacterized membrane protein YdfK => putative membrane protein YdfK
[14:39:39] Modify product: Putative cystathionine beta-synthase Rv1077 => Putative cystathionine beta-synthase
[14:39:39] Modify product: Probable quinol monooxygenase YgiN => putative quinol monooxygenase YgiN
[14:39:39] Modify product: Probable glycerol-3-phosphate acyltransferase => putative glycerol-3-phosphate acyltransferase
[14:39:39] Modify product: Uncharacterized protein YqjD => putative protein YqjD
[14:39:39] Modify product: Probable galactarate transporter => putative galactarate transporter
[14:39:39] Modify product: UPF0102 protein RPA0323 => hypothetical protein
[14:39:39] Modify product: Uncharacterized protease YhbU => putative protease YhbU
[14:39:39] Modify product: Uncharacterized inner membrane transporter YhbE => putative inner membrane transporter YhbE
[14:39:39] Modify product: Uncharacterized protein YibN => putative protein YibN
[14:39:39] Modify product: UPF0758 protein YsxA => hypothetical protein
[14:39:39] Modify product: Probable multidrug ABC transporter permease YbhR => putative multidrug ABC transporter permease YbhR
[14:39:39] Modify product: Probable multidrug ABC transporter ATP-binding protein YbhF => putative multidrug ABC transporter ATP-binding protein YbhF
[14:39:39] Modify product: UPF0194 membrane protein YbhG => hypothetical protein
[14:39:39] Modify product: UPF0701 protein YicC => hypothetical protein
[14:39:39] Modify product: Uncharacterized protein Rv1998c => putative protein
[14:39:39] Modify product: UPF0126 inner membrane protein YicG => hypothetical protein
[14:39:39] Modify product: UPF0311 protein CA_C3321 => hypothetical protein
[14:39:39] Modify product: Zinc-type alcohol dehydrogenase-like protein SA1988 => Zinc-type alcohol dehydrogenase-like protein
[14:39:39] Modify product: Acetyltransferase Atu2258 => Acetyltransferase
[14:39:39] Modify product: Uncharacterized inner membrane transporter YicL => putative inner membrane transporter YicL
[14:39:39] Modify product: HTH-type transcriptional regulator Cphy_2742 => HTH-type transcriptional regulator
[14:39:39] Modify product: Uncharacterized periplasmic iron-binding protein HI_0362 => putative periplasmic iron-binding protein
[14:39:39] Modify product: Zinc-type alcohol dehydrogenase-like protein SA1988 => Zinc-type alcohol dehydrogenase-like protein
[14:39:39] Modify product: Probable RNA polymerase sigma factor FecI => putative RNA polymerase sigma factor FecI
[14:39:39] Modify product: Probable copper-binding protein PcoE => putative copper-binding protein PcoE
[14:39:39] Modify product: Uncharacterized protein HI_0431 => putative protein
[14:39:39] Modify product: Uncharacterized protein YhcO => putative protein YhcO
[14:39:39] Modify product: Uncharacterized membrane protein YhdT => putative membrane protein YhdT
[14:39:39] Modify product: Protein SlyX homolog => Protein SlyX 
[14:39:39] Modify product: Uncharacterized ABC transporter ATP-binding protein YheS => putative ABC transporter ATP-binding protein YheS
[14:39:39] Modify product: UPF0270 protein PA3463 => hypothetical protein
[14:39:39] Modify product: Probable protein adenylyltransferase Fic => putative protein adenylyltransferase Fic
[14:39:39] Modify product: Uncharacterized protein YhfG => putative protein YhfG
[14:39:39] Modify product: Probable [Fe-S]-dependent transcriptional repressor => putative [Fe-S]-dependent transcriptional repressor
[14:39:39] Modify product: Uncharacterized oxidoreductase YhhX => putative oxidoreductase YhhX
[14:39:39] Modify product: Uncharacterized protein YhhA => putative protein YhhA
[14:39:39] Modify product: Uncharacterized MFS-type transporter YhhS => putative MFS-type transporter YhhS
[14:39:39] Modify product: Probable 4-amino-4-deoxy-L-arabinose-phosphoundecaprenol flippase subunit ArnF => putative 4-amino-4-deoxy-L-arabinose-phosphoundecaprenol flippase subunit ArnF
[14:39:39] Modify product: Probable 4-amino-4-deoxy-L-arabinose-phosphoundecaprenol flippase subunit ArnE => putative 4-amino-4-deoxy-L-arabinose-phosphoundecaprenol flippase subunit ArnE
[14:39:39] Modify product: Probable 4-deoxy-4-formamido-L-arabinose-phosphoundecaprenol deformylase ArnD => putative 4-deoxy-4-formamido-L-arabinose-phosphoundecaprenol deformylase ArnD
[14:39:39] Modify product: Uncharacterized protein HI_0933 => putative protein
[14:39:39] Modify product: Probable cyclic di-GMP phosphodiesterase PdeK => putative cyclic di-GMP phosphodiesterase PdeK
[14:39:39] Modify product: Uncharacterized MFS-type transporter YhjX => putative MFS-type transporter YhjX
[14:39:39] Modify product: Probable lipoprotein YiaD => putative lipoprotein YiaD
[14:39:39] Modify product: Uncharacterized ABC transporter ATP-binding protein YheS => putative ABC transporter ATP-binding protein YheS
[14:39:39] Modify product: Uncharacterized GST-like protein YibF => putative GST-like protein YibF
[14:39:39] Modify product: Uncharacterized protein YibL => putative protein YibL
[14:39:39] Modify product: UPF0597 protein YhaM => hypothetical protein
[14:39:39] Modify product: UPF0337 protein YjbJ => hypothetical protein
[14:39:39] Modify product: Uncharacterized protein YjbR => putative protein YjbR
[14:39:39] Modify product: Probable cyclic di-GMP phosphodiesterase PdeC => putative cyclic di-GMP phosphodiesterase PdeC
[14:39:39] Modify product: Uncharacterized fimbrial-like protein YcbV => putative fimbrial-like protein YcbV
[14:39:39] Modify product: Probable fimbrial chaperone LpfB => putative fimbrial chaperone LpfB
[14:39:39] Modify product: Probable transcriptional regulator PhnF => putative transcriptional regulator PhnF
[14:39:39] Modify product: UPF0716 protein FxsA => hypothetical protein
[14:39:39] Modify product: Putative multidrug export ATP-binding/permease protein SAV1866 => Putative multidrug export ATP-binding/permease protein
[14:39:39] Modify product: Probable outer membrane usher protein ElfC => putative outer membrane usher protein ElfC
[14:39:39] Modify product: Probable L-ascorbate-6-phosphate lactonase UlaG => putative L-ascorbate-6-phosphate lactonase UlaG
[14:39:39] Modify product: Uncharacterized protein YtfJ => putative protein YtfJ
[14:39:39] Modify product: UPF0053 inner membrane protein YtfL => hypothetical protein
[14:39:39] Modify product: UPF0307 protein YjgA => hypothetical protein
[14:39:39] Modify product: Deacetylase EF_0837 => Deacetylase
[14:39:39] Modify product: Probable licABCH operon regulator => putative licABCH operon regulator
[14:39:39] Modify product: Probable 6-phospho-beta-glucosidase => putative 6-phospho-beta-glucosidase
[14:39:39] Cleaned 319 /product names
[14:39:39] Deleting unwanted file: prokka_output/PROKKA_05302023.sprot.tmp.14900.faa
[14:39:39] Deleting unwanted file: prokka_output/PROKKA_05302023.sprot.tmp.14900.blast
[14:39:40] There are still 1200 unannotated CDS left (started with 4851)
[14:39:40] Will use hmmer3 to search against /Users/chenliao/opt/anaconda3/db/hmm/HAMAP.hmm with 8 CPUs
[14:39:40] Running: cat prokka_output\/PROKKA_05302023\.HAMAP\.hmm\.tmp\.14900\.faa | parallel --gnu --plain -j 8 --block 19555 --recstart '>' --pipe hmmscan --noali --notextw --acc -E 1e-10 --cpu 1 /Users/chenliao/opt/anaconda3/db/hmm/HAMAP.hmm /dev/stdin > prokka_output\/PROKKA_05302023\.HAMAP\.hmm\.tmp\.14900\.hmmer3 2> /dev/null
[14:40:01] Modify product: Uncharacterized MFS-type transporter YcaD => putative MFS-type transporter YcaD
[14:40:01] Modify product: Uncharacterized Nudix hydrolase NudL => putative Nudix hydrolase NudL
[14:40:01] Modify product: Uncharacterized MFS-type transporter YfcJ => putative MFS-type transporter YfcJ
[14:40:01] Cleaned 3 /product names
[14:40:01] Deleting unwanted file: prokka_output/PROKKA_05302023.HAMAP.hmm.tmp.14900.faa
[14:40:01] Deleting unwanted file: prokka_output/PROKKA_05302023.HAMAP.hmm.tmp.14900.hmmer3
[14:40:01] Labelling remaining 1061 proteins as 'hypothetical protein'
[14:40:01] Possible /pseudo 'Homoprotocatechuate catabolism bifunctional isomerase/decarboxylase' at CXPD01000003.1 position 46412
[14:40:01] Possible /pseudo 'putative HTH-type transcriptional regulator LgoR' at CXPD01000003.1 position 60289
[14:40:01] Possible /pseudo 'Formate dehydrogenase-O major subunit' at CXPD01000012.1 position 27458
[14:40:01] Possible /pseudo 'Formate dehydrogenase, nitrate-inducible, major subunit' at CXPD01000015.1 position 274571
[14:40:01] Possible /pseudo 'putative protein' at CXPD01000017.1 position 242131
[14:40:01] Possible /pseudo 'putative protein' at CXPD01000017.1 position 243054
[14:40:01] Possible /pseudo 'Manganese transport system membrane protein MntB' at CXPD01000021.1 position 145834
[14:40:01] Possible /pseudo 'putative glucarate transporter' at CXPD01000021.1 position 201365
[14:40:01] Possible /pseudo 'ISKra4 family transposase ISCep1' at CXPD01000021.1 position 351124
[14:40:01] Possible /pseudo 'Peptidyl-prolyl cis-trans isomerase C' at CXPD01000023.1 position 13030
[14:40:01] Possible /pseudo 'Manganese transport system membrane protein MntB' at CXPD01000032.1 position 20462
[14:40:01] Possible /pseudo 'IS3 family transposase ISEc15' at CXPD01000033.1 position 1662
[14:40:01] Possible /pseudo 'IS3 family transposase ISKpn38' at CXPD01000033.1 position 54928
[14:40:01] Possible /pseudo 'Arsenical pump-driving ATPase' at CXPD01000033.1 position 65137
[14:40:01] Possible /pseudo 'ISL3 family transposase ISEc38' at CXPD01000033.1 position 70944
[14:40:01] Possible /pseudo 'Formate dehydrogenase H' at CXPD01000043.1 position 95829
[14:40:01] Possible /pseudo 'IS3 family transposase IS1400' at CXPD01000046.1 position 37854
[14:40:01] Found 2986 unique /gene codes.
[14:40:01] Fixed 2 duplicate /gene - emrB_1 emrB_2
[14:40:01] Fixed 2 duplicate /gene - uxuA_1 uxuA_2
[14:40:01] Fixed 2 duplicate /gene - rep_1 rep_2
[14:40:01] Fixed 2 duplicate /gene - dapA_1 dapA_2
[14:40:01] Fixed 2 duplicate /gene - bhsA_1 bhsA_2
[14:40:01] Fixed 4 duplicate /gene - gstB_1 gstB_2 gstB_3 gstB_4
[14:40:01] Fixed 2 duplicate /gene - rutC_1 rutC_2
[14:40:01] Fixed 2 duplicate /gene - dsbD_1 dsbD_2
[14:40:01] Fixed 3 duplicate /gene - gabR_1 gabR_2 gabR_3
[14:40:01] Fixed 3 duplicate /gene - lsrD_1 lsrD_2 lsrD_3
[14:40:01] Fixed 2 duplicate /gene - mdh_1 mdh_2
[14:40:01] Fixed 2 duplicate /gene - bamA_1 bamA_2
[14:40:01] Fixed 3 duplicate /gene - gsiA_1 gsiA_2 gsiA_3
[14:40:01] Fixed 2 duplicate /gene - tyrB_1 tyrB_2
[14:40:01] Fixed 3 duplicate /gene - xylB_1 xylB_2 xylB_3
[14:40:01] Fixed 2 duplicate /gene - cdaR_1 cdaR_2
[14:40:01] Fixed 2 duplicate /gene - ssuC_1 ssuC_2
[14:40:01] Fixed 2 duplicate /gene - epsF_1 epsF_2
[14:40:01] Fixed 2 duplicate /gene - msbA_1 msbA_2
[14:40:01] Fixed 2 duplicate /gene - cntO_1 cntO_2
[14:40:01] Fixed 2 duplicate /gene - metR_1 metR_2
[14:40:01] Fixed 2 duplicate /gene - pyrG_1 pyrG_2
[14:40:01] Fixed 2 duplicate /gene - yciE_1 yciE_2
[14:40:01] Fixed 2 duplicate /gene - dmsC_1 dmsC_2
[14:40:01] Fixed 3 duplicate /gene - ascG_1 ascG_2 ascG_3
[14:40:01] Fixed 5 duplicate /gene - rbsA_1 rbsA_2 rbsA_3 rbsA_4 rbsA_5
[14:40:01] Fixed 2 duplicate /gene - ghrA_1 ghrA_2
[14:40:01] Fixed 2 duplicate /gene - ilvB_1 ilvB_2
[14:40:01] Fixed 2 duplicate /gene - hdeB_1 hdeB_2
[14:40:01] Fixed 2 duplicate /gene - ppa_1 ppa_2
[14:40:01] Fixed 2 duplicate /gene - dsdC_1 dsdC_2
[14:40:01] Fixed 2 duplicate /gene - scmP_1 scmP_2
[14:40:01] Fixed 2 duplicate /gene - thpA_1 thpA_2
[14:40:01] Fixed 2 duplicate /gene - cydA_1 cydA_2
[14:40:01] Fixed 3 duplicate /gene - ompR_1 ompR_2 ompR_3
[14:40:01] Fixed 3 duplicate /gene - mglA_1 mglA_2 mglA_3
[14:40:01] Fixed 3 duplicate /gene - slyA_1 slyA_2 slyA_3
[14:40:01] Fixed 2 duplicate /gene - hisC_1 hisC_2
[14:40:01] Fixed 2 duplicate /gene - fhuA_1 fhuA_2
[14:40:01] Fixed 2 duplicate /gene - aptB_1 aptB_2
[14:40:01] Fixed 6 duplicate /gene - rcsC_1 rcsC_2 rcsC_3 rcsC_4 rcsC_5 rcsC_6
[14:40:01] Fixed 2 duplicate /gene - jefA_1 jefA_2
[14:40:01] Fixed 4 duplicate /gene - ygdR_1 ygdR_2 ygdR_3 ygdR_4
[14:40:01] Fixed 2 duplicate /gene - astC_1 astC_2
[14:40:01] Fixed 2 duplicate /gene - dsbA_1 dsbA_2
[14:40:01] Fixed 2 duplicate /gene - trxA_1 trxA_2
[14:40:01] Fixed 2 duplicate /gene - scrY_1 scrY_2
[14:40:01] Fixed 4 duplicate /gene - gsiD_1 gsiD_2 gsiD_3 gsiD_4
[14:40:01] Fixed 2 duplicate /gene - pduD_1 pduD_2
[14:40:01] Fixed 3 duplicate /gene - astD_1 astD_2 astD_3
[14:40:01] Fixed 2 duplicate /gene - lgoR_1 lgoR_2
[14:40:01] Fixed 2 duplicate /gene - ftsI_1 ftsI_2
[14:40:01] Fixed 2 duplicate /gene - hyfA_1 hyfA_2
[14:40:01] Fixed 2 duplicate /gene - csbX_1 csbX_2
[14:40:01] Fixed 5 duplicate /gene - menH_1 menH_2 menH_3 menH_4 menH_5
[14:40:01] Fixed 2 duplicate /gene - hisQ_1 hisQ_2
[14:40:01] Fixed 2 duplicate /gene - cusR_1 cusR_2
[14:40:01] Fixed 2 duplicate /gene - oppD_1 oppD_2
[14:40:01] Fixed 5 duplicate /gene - gsiC_1 gsiC_2 gsiC_3 gsiC_4 gsiC_5
[14:40:01] Fixed 3 duplicate /gene - citG_1 citG_2 citG_3
[14:40:01] Fixed 2 duplicate /gene - cysG_1 cysG_2
[14:40:01] Fixed 2 duplicate /gene - sorC_1 sorC_2
[14:40:01] Fixed 2 duplicate /gene - cusF_1 cusF_2
[14:40:01] Fixed 2 duplicate /gene - cobT_1 cobT_2
[14:40:01] Fixed 4 duplicate /gene - celA_1 celA_2 celA_3 celA_4
[14:40:01] Fixed 3 duplicate /gene - ssuA_1 ssuA_2 ssuA_3
[14:40:01] Fixed 2 duplicate /gene - acsAB_1 acsAB_2
[14:40:01] Fixed 2 duplicate /gene - xanP_1 xanP_2
[14:40:01] Fixed 2 duplicate /gene - bepA_1 bepA_2
[14:40:01] Fixed 8 duplicate /gene - rbsC_1 rbsC_2 rbsC_3 rbsC_4 rbsC_5 rbsC_6 rbsC_7 rbsC_8
[14:40:01] Fixed 2 duplicate /gene - lldD_1 lldD_2
[14:40:01] Fixed 2 duplicate /gene - fimF_1 fimF_2
[14:40:01] Fixed 2 duplicate /gene - thrS_1 thrS_2
[14:40:01] Fixed 2 duplicate /gene - dmsA_1 dmsA_2
[14:40:01] Fixed 2 duplicate /gene - rbn_1 rbn_2
[14:40:01] Fixed 3 duplicate /gene - dauA_1 dauA_2 dauA_3
[14:40:01] Fixed 2 duplicate /gene - murQ_1 murQ_2
[14:40:01] Fixed 2 duplicate /gene - pgl_1 pgl_2
[14:40:01] Fixed 2 duplicate /gene - hsrA_1 hsrA_2
[14:40:01] Fixed 3 duplicate /gene - rhtC_1 rhtC_2 rhtC_3
[14:40:01] Fixed 2 duplicate /gene - aspT_1 aspT_2
[14:40:01] Fixed 2 duplicate /gene - araB_1 araB_2
[14:40:01] Fixed 2 duplicate /gene - aaeA_1 aaeA_2
[14:40:01] Fixed 2 duplicate /gene - mntA_1 mntA_2
[14:40:01] Fixed 2 duplicate /gene - ygiW_1 ygiW_2
[14:40:01] Fixed 2 duplicate /gene - fabF_1 fabF_2
[14:40:01] Fixed 2 duplicate /gene - dgoA_1 dgoA_2
[14:40:01] Fixed 3 duplicate /gene - cmpR_1 cmpR_2 cmpR_3
[14:40:01] Fixed 2 duplicate /gene - astA_1 astA_2
[14:40:01] Fixed 3 duplicate /gene - fdhF_1 fdhF_2 fdhF_3
[14:40:01] Fixed 2 duplicate /gene - pduA_1 pduA_2
[14:40:01] Fixed 11 duplicate /gene - rhaS_1 rhaS_2 rhaS_3 rhaS_4 rhaS_5 rhaS_6 rhaS_7 rhaS_8 rhaS_9 rhaS_10 rhaS_11
[14:40:01] Fixed 3 duplicate /gene - argP_1 argP_2 argP_3
[14:40:01] Fixed 2 duplicate /gene - fhuC_1 fhuC_2
[14:40:01] Fixed 2 duplicate /gene - oppA_1 oppA_2
[14:40:01] Fixed 2 duplicate /gene - zapE_1 zapE_2
[14:40:01] Fixed 2 duplicate /gene - epsE_1 epsE_2
[14:40:01] Fixed 2 duplicate /gene - ilvI_1 ilvI_2
[14:40:01] Fixed 2 duplicate /gene - nupC_1 nupC_2
[14:40:01] Fixed 3 duplicate /gene - norR_1 norR_2 norR_3
[14:40:01] Fixed 3 duplicate /gene - rbsR_1 rbsR_2 rbsR_3
[14:40:01] Fixed 2 duplicate /gene - bcsQ_1 bcsQ_2
[14:40:01] Fixed 2 duplicate /gene - kdgR_1 kdgR_2
[14:40:01] Fixed 2 duplicate /gene - rppH_1 rppH_2
[14:40:01] Fixed 4 duplicate /gene - glpR_1 glpR_2 glpR_3 glpR_4
[14:40:01] Fixed 2 duplicate /gene - gdhA_1 gdhA_2
[14:40:01] Fixed 2 duplicate /gene - lacY_1 lacY_2
[14:40:01] Fixed 2 duplicate /gene - fruB_1 fruB_2
[14:40:01] Fixed 6 duplicate /gene - gcvA_1 gcvA_2 gcvA_3 gcvA_4 gcvA_5 gcvA_6
[14:40:01] Fixed 4 duplicate /gene - hipO_1 hipO_2 hipO_3 hipO_4
[14:40:01] Fixed 3 duplicate /gene - pcaK_1 pcaK_2 pcaK_3
[14:40:01] Fixed 2 duplicate /gene - glpF_1 glpF_2
[14:40:01] Fixed 2 duplicate /gene - roxA_1 roxA_2
[14:40:01] Fixed 3 duplicate /gene - thlA_1 thlA_2 thlA_3
[14:40:01] Fixed 5 duplicate /gene - rhaR_1 rhaR_2 rhaR_3 rhaR_4 rhaR_5
[14:40:01] Fixed 3 duplicate /gene - cusC_1 cusC_2 cusC_3
[14:40:01] Fixed 2 duplicate /gene - citB_1 citB_2
[14:40:01] Fixed 2 duplicate /gene - glcR_1 glcR_2
[14:40:01] Fixed 2 duplicate /gene - sgrR_1 sgrR_2
[14:40:01] Fixed 2 duplicate /gene - aqpZ_1 aqpZ_2
[14:40:01] Fixed 2 duplicate /gene - topA_1 topA_2
[14:40:01] Fixed 2 duplicate /gene - norW_1 norW_2
[14:40:01] Fixed 2 duplicate /gene - astE_1 astE_2
[14:40:01] Fixed 2 duplicate /gene - fimC_1 fimC_2
[14:40:01] Fixed 2 duplicate /gene - pduE_1 pduE_2
[14:40:01] Fixed 2 duplicate /gene - pdxA2_1 pdxA2_2
[14:40:01] Fixed 2 duplicate /gene - abaF_1 abaF_2
[14:40:01] Fixed 2 duplicate /gene - gabD_1 gabD_2
[14:40:01] Fixed 2 duplicate /gene - mngR_1 mngR_2
[14:40:01] Fixed 2 duplicate /gene - ulaB_1 ulaB_2
[14:40:01] Fixed 2 duplicate /gene - ugpA_1 ugpA_2
[14:40:01] Fixed 2 duplicate /gene - ada_1 ada_2
[14:40:01] Fixed 4 duplicate /gene - metQ_1 metQ_2 metQ_3 metQ_4
[14:40:01] Fixed 2 duplicate /gene - map_1 map_2
[14:40:01] Fixed 3 duplicate /gene - lacZ_1 lacZ_2 lacZ_3
[14:40:01] Fixed 2 duplicate /gene - betI_1 betI_2
[14:40:01] Fixed 2 duplicate /gene - sotB_1 sotB_2
[14:40:01] Fixed 2 duplicate /gene - nlpD_1 nlpD_2
[14:40:01] Fixed 2 duplicate /gene - cusS_1 cusS_2
[14:40:01] Fixed 2 duplicate /gene - srlB_1 srlB_2
[14:40:01] Fixed 3 duplicate /gene - ompA_1 ompA_2 ompA_3
[14:40:01] Fixed 2 duplicate /gene - lyx_1 lyx_2
[14:40:01] Fixed 2 duplicate /gene - arsB_1 arsB_2
[14:40:01] Fixed 2 duplicate /gene - ddpC_1 ddpC_2
[14:40:01] Fixed 3 duplicate /gene - amiC_1 amiC_2 amiC_3
[14:40:01] Fixed 5 duplicate /gene - nimR_1 nimR_2 nimR_3 nimR_4 nimR_5
[14:40:01] Fixed 2 duplicate /gene - lsrF_1 lsrF_2
[14:40:01] Fixed 2 duplicate /gene - yciC_1 yciC_2
[14:40:01] Fixed 2 duplicate /gene - ridA_1 ridA_2
[14:40:01] Fixed 2 duplicate /gene - pfeA_1 pfeA_2
[14:40:01] Fixed 2 duplicate /gene - cpdA_1 cpdA_2
[14:40:01] Fixed 2 duplicate /gene - dppB_1 dppB_2
[14:40:01] Fixed 2 duplicate /gene - clcB_1 clcB_2
[14:40:01] Fixed 2 duplicate /gene - eutB_1 eutB_2
[14:40:01] Fixed 6 duplicate /gene - iolG_1 iolG_2 iolG_3 iolG_4 iolG_5 iolG_6
[14:40:01] Fixed 9 duplicate /gene - pgrR_1 pgrR_2 pgrR_3 pgrR_4 pgrR_5 pgrR_6 pgrR_7 pgrR_8 pgrR_9
[14:40:01] Fixed 2 duplicate /gene - can_1 can_2
[14:40:01] Fixed 2 duplicate /gene - apbE_1 apbE_2
[14:40:01] Fixed 3 duplicate /gene - metC_1 metC_2 metC_3
[14:40:01] Fixed 2 duplicate /gene - cusA_1 cusA_2
[14:40:01] Fixed 2 duplicate /gene - amaB_1 amaB_2
[14:40:01] Fixed 2 duplicate /gene - sad_1 sad_2
[14:40:01] Fixed 2 duplicate /gene - pcpR_1 pcpR_2
[14:40:01] Fixed 4 duplicate /gene - hexR_1 hexR_2 hexR_3 hexR_4
[14:40:01] Fixed 2 duplicate /gene - ibpB_1 ibpB_2
[14:40:01] Fixed 2 duplicate /gene - glnP_1 glnP_2
[14:40:01] Fixed 2 duplicate /gene - yhhS_1 yhhS_2
[14:40:01] Fixed 2 duplicate /gene - yagG_1 yagG_2
[14:40:01] Fixed 2 duplicate /gene - mnmC_1 mnmC_2
[14:40:01] Fixed 2 duplicate /gene - fabD_1 fabD_2
[14:40:01] Fixed 2 duplicate /gene - ydfK_1 ydfK_2
[14:40:01] Fixed 2 duplicate /gene - dhaK_1 dhaK_2
[14:40:01] Fixed 3 duplicate /gene - iprA_1 iprA_2 iprA_3
[14:40:01] Fixed 2 duplicate /gene - fdnG_1 fdnG_2
[14:40:01] Fixed 2 duplicate /gene - cycA_1 cycA_2
[14:40:01] Fixed 2 duplicate /gene - pal_1 pal_2
[14:40:01] Fixed 2 duplicate /gene - xylG_1 xylG_2
[14:40:01] Fixed 3 duplicate /gene - oprM_1 oprM_2 oprM_3
[14:40:01] Fixed 2 duplicate /gene - por_1 por_2
[14:40:01] Fixed 2 duplicate /gene - aroE_1 aroE_2
[14:40:01] Fixed 2 duplicate /gene - ugpC_1 ugpC_2
[14:40:01] Fixed 2 duplicate /gene - ybhF_1 ybhF_2
[14:40:01] Fixed 2 duplicate /gene - proP_1 proP_2
[14:40:01] Fixed 2 duplicate /gene - rsxC_1 rsxC_2
[14:40:01] Fixed 2 duplicate /gene - uxaB_1 uxaB_2
[14:40:01] Fixed 2 duplicate /gene - dadA_1 dadA_2
[14:40:01] Fixed 2 duplicate /gene - yeaR_1 yeaR_2
[14:40:01] Fixed 4 duplicate /gene - fliY_1 fliY_2 fliY_3 fliY_4
[14:40:01] Fixed 2 duplicate /gene - ribZ_1 ribZ_2
[14:40:01] Fixed 2 duplicate /gene - bioD1_1 bioD1_2
[14:40:01] Fixed 5 duplicate /gene - fimD_1 fimD_2 fimD_3 fimD_4 fimD_5
[14:40:01] Fixed 2 duplicate /gene - hisJ_1 hisJ_2
[14:40:01] Fixed 4 duplicate /gene - lamB_1 lamB_2 lamB_3 lamB_4
[14:40:01] Fixed 3 duplicate /gene - betB_1 betB_2 betB_3
[14:40:01] Fixed 3 duplicate /gene - lldR_1 lldR_2 lldR_3
[14:40:01] Fixed 3 duplicate /gene - nepI_1 nepI_2 nepI_3
[14:40:01] Fixed 2 duplicate /gene - gntR_1 gntR_2
[14:40:01] Fixed 2 duplicate /gene - mshA_1 mshA_2
[14:40:01] Fixed 2 duplicate /gene - ybhR_1 ybhR_2
[14:40:01] Fixed 2 duplicate /gene - acrB_1 acrB_2
[14:40:01] Fixed 2 duplicate /gene - ddrA_1 ddrA_2
[14:40:01] Fixed 2 duplicate /gene - oppF_1 oppF_2
[14:40:01] Fixed 2 duplicate /gene - msuD_1 msuD_2
[14:40:01] Fixed 2 duplicate /gene - ubiJ_1 ubiJ_2
[14:40:01] Fixed 2 duplicate /gene - glpE_1 glpE_2
[14:40:01] Fixed 3 duplicate /gene - lysN_1 lysN_2 lysN_3
[14:40:01] Fixed 2 duplicate /gene - ribX_1 ribX_2
[14:40:01] Fixed 3 duplicate /gene - glnH_1 glnH_2 glnH_3
[14:40:01] Fixed 2 duplicate /gene - evgA_1 evgA_2
[14:40:01] Fixed 2 duplicate /gene - nudK_1 nudK_2
[14:40:01] Fixed 3 duplicate /gene - garK_1 garK_2 garK_3
[14:40:01] Fixed 2 duplicate /gene - feuC_1 feuC_2
[14:40:01] Fixed 2 duplicate /gene - ctpF_1 ctpF_2
[14:40:01] Fixed 2 duplicate /gene - yfcJ_1 yfcJ_2
[14:40:01] Fixed 2 duplicate /gene - ydgJ_1 ydgJ_2
[14:40:01] Fixed 2 duplicate /gene - gmuD_1 gmuD_2
[14:40:01] Fixed 2 duplicate /gene - astB_1 astB_2
[14:40:01] Fixed 4 duplicate /gene - mdtA_1 mdtA_2 mdtA_3 mdtA_4
[14:40:01] Fixed 2 duplicate /gene - bcr_1 bcr_2
[14:40:01] Fixed 2 duplicate /gene - mrdA_1 mrdA_2
[14:40:01] Fixed 2 duplicate /gene - lacG_1 lacG_2
[14:40:01] Fixed 8 duplicate /gene - mntB_1 mntB_2 mntB_3 mntB_4 mntB_5 mntB_6 mntB_7 mntB_8
[14:40:01] Fixed 2 duplicate /gene - htpX_1 htpX_2
[14:40:01] Fixed 2 duplicate /gene - artQ_1 artQ_2
[14:40:01] Fixed 2 duplicate /gene - lgoT_1 lgoT_2
[14:40:01] Fixed 2 duplicate /gene - acrR_1 acrR_2
[14:40:01] Fixed 2 duplicate /gene - ybdO_1 ybdO_2
[14:40:01] Fixed 2 duplicate /gene - agp_1 agp_2
[14:40:01] Fixed 2 duplicate /gene - fusA_1 fusA_2
[14:40:01] Fixed 2 duplicate /gene - aaeB_1 aaeB_2
[14:40:01] Fixed 2 duplicate /gene - kgtP_1 kgtP_2
[14:40:01] Fixed 2 duplicate /gene - nfdA_1 nfdA_2
[14:40:01] Fixed 3 duplicate /gene - hcaR_1 hcaR_2 hcaR_3
[14:40:01] Fixed 3 duplicate /gene - rssB_1 rssB_2 rssB_3
[14:40:01] Fixed 3 duplicate /gene - pncC_1 pncC_2 pncC_3
[14:40:01] Fixed 2 duplicate /gene - cra_1 cra_2
[14:40:01] Fixed 2 duplicate /gene - aroP_1 aroP_2
[14:40:01] Fixed 5 duplicate /gene - chbA_1 chbA_2 chbA_3 chbA_4 chbA_5
[14:40:01] Fixed 2 duplicate /gene - yibH_1 yibH_2
[14:40:01] Fixed 2 duplicate /gene - phoP_1 phoP_2
[14:40:01] Fixed 2 duplicate /gene - mepS_1 mepS_2
[14:40:01] Fixed 2 duplicate /gene - fepA_1 fepA_2
[14:40:01] Fixed 3 duplicate /gene - ttuB_1 ttuB_2 ttuB_3
[14:40:01] Fixed 2 duplicate /gene - azoR_1 azoR_2
[14:40:01] Fixed 2 duplicate /gene - msiK_1 msiK_2
[14:40:01] Fixed 3 duplicate /gene - bglA_1 bglA_2 bglA_3
[14:40:01] Fixed 2 duplicate /gene - copA_1 copA_2
[14:40:01] Fixed 3 duplicate /gene - pcaR_1 pcaR_2 pcaR_3
[14:40:01] Fixed 3 duplicate /gene - ssuB_1 ssuB_2 ssuB_3
[14:40:01] Fixed 2 duplicate /gene - yohK_1 yohK_2
[14:40:01] Fixed 3 duplicate /gene - hmuU_1 hmuU_2 hmuU_3
[14:40:01] Fixed 3 duplicate /gene - uspG_1 uspG_2 uspG_3
[14:40:01] Fixed 2 duplicate /gene - kdgK_1 kdgK_2
[14:40:01] Fixed 2 duplicate /gene - malG_1 malG_2
[14:40:01] Fixed 2 duplicate /gene - rutB_1 rutB_2
[14:40:01] Fixed 2 duplicate /gene - lpxL_1 lpxL_2
[14:40:01] Fixed 2 duplicate /gene - ydhP_1 ydhP_2
[14:40:01] Fixed 12 duplicate /gene - fabG_1 fabG_2 fabG_3 fabG_4 fabG_5 fabG_6 fabG_7 fabG_8 fabG_9 fabG_10 fabG_11 fabG_12
[14:40:01] Fixed 3 duplicate /gene - lsrB_1 lsrB_2 lsrB_3
[14:40:01] Fixed 3 duplicate /gene - metN_1 metN_2 metN_3
[14:40:01] Fixed 2 duplicate /gene - pckA_1 pckA_2
[14:40:01] Fixed 2 duplicate /gene - gltJ_1 gltJ_2
[14:40:01] Fixed 2 duplicate /gene - mltF_1 mltF_2
[14:40:01] Fixed 3 duplicate /gene - vldW_1 vldW_2 vldW_3
[14:40:01] Fixed 2 duplicate /gene - aptA_1 aptA_2
[14:40:01] Fixed 2 duplicate /gene - glmS_1 glmS_2
[14:40:01] Fixed 2 duplicate /gene - silE_1 silE_2
[14:40:01] Fixed 2 duplicate /gene - dnaK_1 dnaK_2
[14:40:01] Fixed 7 duplicate /gene - licC_1 licC_2 licC_3 licC_4 licC_5 licC_6 licC_7
[14:40:01] Fixed 2 duplicate /gene - malT_1 malT_2
[14:40:01] Fixed 2 duplicate /gene - srlR_1 srlR_2
[14:40:01] Fixed 3 duplicate /gene - cydB_1 cydB_2 cydB_3
[14:40:01] Fixed 2 duplicate /gene - lon_1 lon_2
[14:40:01] Fixed 2 duplicate /gene - pdeA_1 pdeA_2
[14:40:01] Fixed 4 duplicate /gene - intS_1 intS_2 intS_3 intS_4
[14:40:01] Fixed 19 duplicate /gene - dmlR_1 dmlR_2 dmlR_3 dmlR_4 dmlR_5 dmlR_6 dmlR_7 dmlR_8 dmlR_9 dmlR_10 dmlR_11 dmlR_12 dmlR_13 dmlR_14 dmlR_15 dmlR_16 dmlR_17 dmlR_18 dmlR_19
[14:40:01] Fixed 2 duplicate /gene - araC_1 araC_2
[14:40:01] Fixed 2 duplicate /gene - gltR_1 gltR_2
[14:40:01] Fixed 2 duplicate /gene - rhtB_1 rhtB_2
[14:40:01] Fixed 2 duplicate /gene - nagC_1 nagC_2
[14:40:01] Fixed 7 duplicate /gene - btuD_1 btuD_2 btuD_3 btuD_4 btuD_5 btuD_6 btuD_7
[14:40:01] Fixed 2 duplicate /gene - ftsA_1 ftsA_2
[14:40:01] Fixed 2 duplicate /gene - ahpC_1 ahpC_2
[14:40:01] Fixed 3 duplicate /gene - rbsB_1 rbsB_2 rbsB_3
[14:40:01] Fixed 2 duplicate /gene - kefF_1 kefF_2
[14:40:01] Fixed 2 duplicate /gene - adhE_1 adhE_2
[14:40:01] Fixed 2 duplicate /gene - fbaA_1 fbaA_2
[14:40:01] Fixed 2 duplicate /gene - dksA_1 dksA_2
[14:40:01] Fixed 2 duplicate /gene - yabI_1 yabI_2
[14:40:01] Fixed 2 duplicate /gene - gsiB_1 gsiB_2
[14:40:01] Fixed 2 duplicate /gene - rafB_1 rafB_2
[14:40:01] Fixed 2 duplicate /gene - xylA_1 xylA_2
[14:40:01] Fixed 3 duplicate /gene - emrA_1 emrA_2 emrA_3
[14:40:01] Fixed 2 duplicate /gene - ybdG_1 ybdG_2
[14:40:01] Fixed 2 duplicate /gene - ompN_1 ompN_2
[14:40:01] Fixed 3 duplicate /gene - rob_1 rob_2 rob_3
[14:40:01] Fixed 5 duplicate /gene - hdfR_1 hdfR_2 hdfR_3 hdfR_4 hdfR_5
[14:40:01] Fixed 2 duplicate /gene - dctA_1 dctA_2
[14:40:01] Fixed 3 duplicate /gene - cytR_1 cytR_2 cytR_3
[14:40:01] Fixed 2 duplicate /gene - namA_1 namA_2
[14:40:01] Fixed 5 duplicate /gene - malP_1 malP_2 malP_3 malP_4 malP_5
[14:40:01] Fixed 2 duplicate /gene - guaD_1 guaD_2
[14:40:01] Fixed 3 duplicate /gene - lacI_1 lacI_2 lacI_3
[14:40:01] Fixed 5 duplicate /gene - oxyR_1 oxyR_2 oxyR_3 oxyR_4 oxyR_5
[14:40:01] Fixed 4 duplicate /gene - potA_1 potA_2 potA_3 potA_4
[14:40:01] Fixed 2 duplicate /gene - blc_1 blc_2
[14:40:01] Fixed 4 duplicate /gene - gltC_1 gltC_2 gltC_3 gltC_4
[14:40:01] Fixed 4 duplicate /gene - cynR_1 cynR_2 cynR_3 cynR_4
[14:40:01] Fixed 2 duplicate /gene - dppD_1 dppD_2
[14:40:01] Fixed 2 duplicate /gene - yadV_1 yadV_2
[14:40:01] Fixed 3 duplicate /gene - yhaJ_1 yhaJ_2 yhaJ_3
[14:40:01] Fixed 2 duplicate /gene - arsC_1 arsC_2
[14:40:01] Fixed 4 duplicate /gene - iolE_1 iolE_2 iolE_3 iolE_4
[14:40:01] Fixed 3 duplicate /gene - ydcV_1 ydcV_2 ydcV_3
[14:40:01] Fixed 5 duplicate /gene - livF_1 livF_2 livF_3 livF_4 livF_5
[14:40:01] Fixed 2 duplicate /gene - carA_1 carA_2
[14:40:01] Fixed 4 duplicate /gene - yajO_1 yajO_2 yajO_3 yajO_4
[14:40:01] Fixed 2 duplicate /gene - pdeH_1 pdeH_2
[14:40:01] Fixed 2 duplicate /gene - ycaD_1 ycaD_2
[14:40:01] Fixed 2 duplicate /gene - sbnD_1 sbnD_2
[14:40:01] Fixed 2 duplicate /gene - livJ_1 livJ_2
[14:40:01] Fixed 2 duplicate /gene - rlhA_1 rlhA_2
[14:40:01] Fixed 2 duplicate /gene - puuB_1 puuB_2
[14:40:01] Fixed 2 duplicate /gene - yeaX_1 yeaX_2
[14:40:01] Fixed 3 duplicate /gene - sasA_1 sasA_2 sasA_3
[14:40:01] Fixed 2 duplicate /gene - cysS_1 cysS_2
[14:40:01] Fixed 2 duplicate /gene - sutR_1 sutR_2
[14:40:01] Fixed 2 duplicate /gene - ftnA_1 ftnA_2
[14:40:01] Fixed 2 duplicate /gene - nodD2_1 nodD2_2
[14:40:01] Fixed 3 duplicate /gene - ulaC_1 ulaC_2 ulaC_3
[14:40:01] Fixed 2 duplicate /gene - yncE_1 yncE_2
[14:40:01] Fixed 2 duplicate /gene - artM_1 artM_2
[14:40:01] Fixed 2 duplicate /gene - leuA_1 leuA_2
[14:40:01] Fixed 2 duplicate /gene - xerC_1 xerC_2
[14:40:01] Fixed 4 duplicate /gene - lptB_1 lptB_2 lptB_3 lptB_4
[14:40:01] Fixed 2 duplicate /gene - mak_1 mak_2
[14:40:01] Fixed 2 duplicate /gene - feaB_1 feaB_2
[14:40:01] Fixed 2 duplicate /gene - mdtM_1 mdtM_2
[14:40:01] Fixed 2 duplicate /gene - cobD_1 cobD_2
[14:40:01] Fixed 2 duplicate /gene - cusB_1 cusB_2
[14:40:01] Fixed 3 duplicate /gene - soxS_1 soxS_2 soxS_3
[14:40:01] Fixed 2 duplicate /gene - bglF_1 bglF_2
[14:40:01] Fixed 2 duplicate /gene - kefC_1 kefC_2
[14:40:01] Fixed 3 duplicate /gene - dgoT_1 dgoT_2 dgoT_3
[14:40:01] Fixed 4 duplicate /gene - metI_1 metI_2 metI_3 metI_4
[14:40:01] Fixed 2 duplicate /gene - iolU_1 iolU_2
[14:40:01] Fixed 2 duplicate /gene - hpcE_1 hpcE_2
[14:40:01] Fixed 2 duplicate /gene - zntB_1 zntB_2
[14:40:01] Fixed 2 duplicate /gene - rluA_1 rluA_2
[14:40:01] Fixed 2 duplicate /gene - artJ_1 artJ_2
[14:40:01] Fixed 2 duplicate /gene - norG_1 norG_2
[14:40:01] Fixed 2 duplicate /gene - pat_1 pat_2
[14:40:01] Fixed 2 duplicate /gene - malI_1 malI_2
[14:40:01] Fixed 2 duplicate /gene - malK_1 malK_2
[14:40:01] Fixed 2 duplicate /gene - ygaZ_1 ygaZ_2
[14:40:01] Fixed 4 duplicate /gene - gudP_1 gudP_2 gudP_3 gudP_4
[14:40:01] Fixed 3 duplicate /gene - dppA_1 dppA_2 dppA_3
[14:40:01] Fixed 2 duplicate /gene - ppiC_1 ppiC_2
[14:40:01] Fixed 2 duplicate /gene - yofA_1 yofA_2
[14:40:01] Fixed 2 duplicate /gene - gltA_1 gltA_2
[14:40:01] Fixed 2 duplicate /gene - hemB_1 hemB_2
[14:40:01] Fixed 2 duplicate /gene - asd_1 asd_2
[14:40:01] Fixed 2 duplicate /gene - kduD_1 kduD_2
[14:40:01] Fixed 2 duplicate /gene - dgoK1_1 dgoK1_2
[14:40:01] Fixed 3 duplicate /gene - yheS_1 yheS_2 yheS_3
[14:40:01] Fixed 3 duplicate /gene - tsaR_1 tsaR_2 tsaR_3
[14:40:01] Fixed 2 duplicate /gene - bdcA_1 bdcA_2
[14:40:01] Fixed 2 duplicate /gene - mdtH_1 mdtH_2
[14:40:01] Fixed 2 duplicate /gene - mqo_1 mqo_2
[14:40:01] Fixed 3 duplicate /gene - arsA_1 arsA_2 arsA_3
[14:40:01] Fixed 2 duplicate /gene - codA_1 codA_2
[14:40:01] Fixed 2 duplicate /gene - licH_1 licH_2
[14:40:01] Fixed 3 duplicate /gene - yicJ_1 yicJ_2 yicJ_3
[14:40:01] Fixed 2 duplicate /gene - gtfA_1 gtfA_2
[14:40:01] Fixed 2 duplicate /gene - bcsB_1 bcsB_2
[14:40:01] Fixed 2 duplicate /gene - btuF_1 btuF_2
[14:40:01] Fixed 2 duplicate /gene - glpT_1 glpT_2
[14:40:01] Fixed 2 duplicate /gene - cobC_1 cobC_2
[14:40:01] Fixed 2 duplicate /gene - yrdA_1 yrdA_2
[14:40:01] Fixed 4 duplicate /gene - livH_1 livH_2 livH_3 livH_4
[14:40:01] Fixed 3 duplicate /gene - dinG_1 dinG_2 dinG_3
[14:40:01] Fixed 4 duplicate /gene - exuT_1 exuT_2 exuT_3 exuT_4
[14:40:01] Fixed 4 duplicate /gene - ulaA_1 ulaA_2 ulaA_3 ulaA_4
[14:40:01] Fixed 2 duplicate /gene - ydiB_1 ydiB_2
[14:40:01] Fixed 2 duplicate /gene - fdoG_1 fdoG_2
[14:40:01] Fixed 2 duplicate /gene - proY_1 proY_2
[14:40:01] Fixed 2 duplicate /gene - ugpB_1 ugpB_2
[14:40:01] Fixed 2 duplicate /gene - fecE_1 fecE_2
[14:40:01] Fixed 2 duplicate /gene - citA_1 citA_2
[14:40:01] Fixed 7 duplicate /gene - glnQ_1 glnQ_2 glnQ_3 glnQ_4 glnQ_5 glnQ_6 glnQ_7
[14:40:01] Fixed 2 duplicate /gene - bglH_1 bglH_2
[14:40:01] Fixed 3 duplicate /gene - talB_1 talB_2 talB_3
[14:40:01] Fixed 3 duplicate /gene - yecS_1 yecS_2 yecS_3
[14:40:01] Fixed 2 duplicate /gene - yraI_1 yraI_2
[14:40:01] Fixed 2 duplicate /gene - glgS_1 glgS_2
[14:40:01] Fixed 2 duplicate /gene - hxpB_1 hxpB_2
[14:40:01] Fixed 2 duplicate /gene - bluF_1 bluF_2
[14:40:01] Fixed 2 duplicate /gene - mepM_1 mepM_2
[14:40:01] Fixed 2 duplicate /gene - proA_1 proA_2
[14:40:01] Fixed 2 duplicate /gene - fruA_1 fruA_2
[14:40:01] Fixed 2 duplicate /gene - manZ_1 manZ_2
[14:40:01] Fixed 3 duplicate /gene - lrp_1 lrp_2 lrp_3
[14:40:01] Fixed 2 duplicate /gene - eutC_1 eutC_2
[14:40:01] Fixed 2 duplicate /gene - arsD_1 arsD_2
[14:40:01] Fixed 2 duplicate /gene - ampG_1 ampG_2
[14:40:01] Fixed 2 duplicate /gene - pyrC_1 pyrC_2
[14:40:01] Fixed 2 duplicate /gene - sdaC_1 sdaC_2
[14:40:01] Fixed 3 duplicate /gene - suhB_1 suhB_2 suhB_3
[14:40:01] Fixed 408 colliding /gene names.
[14:40:01] Adding /locus_tag identifiers
[14:40:01] Assigned 4927 locus_tags to CDS and RNA features.
[14:40:01] Writing outputs to prokka_output/
[14:40:04] Generating annotation statistics file
[14:40:04] Generating Genbank and Sequin files
[14:40:04] Running: tbl2asn -V b -a r10k -l paired-ends -M n -N 1 -y 'Annotated using prokka 1.14.6 from https://github.com/tseemann/prokka' -Z prokka_output\/PROKKA_05302023\.err -i prokka_output\/PROKKA_05302023\.fsa 2> /dev/null
[14:40:12] Deleting unwanted file: prokka_output/errorsummary.val
[14:40:12] Deleting unwanted file: prokka_output/PROKKA_05302023.dr
[14:40:12] Deleting unwanted file: prokka_output/PROKKA_05302023.fixedproducts
[14:40:12] Deleting unwanted file: prokka_output/PROKKA_05302023.ecn
[14:40:12] Deleting unwanted file: prokka_output/PROKKA_05302023.val
[14:40:12] Repairing broken .GBK output that tbl2asn produces...
[14:40:12] Running: sed 's/COORDINATES: profile/COORDINATES:profile/' < prokka_output\/PROKKA_05302023\.gbf > prokka_output\/PROKKA_05302023\.gbk
[14:40:12] Deleting unwanted file: prokka_output/PROKKA_05302023.gbf
[14:40:12] Output files:
[14:40:12] prokka_output/PROKKA_05302023.txt
[14:40:12] prokka_output/PROKKA_05302023.err
[14:40:12] prokka_output/PROKKA_05302023.tsv
[14:40:12] prokka_output/PROKKA_05302023.fna
[14:40:12] prokka_output/PROKKA_05302023.sqn
[14:40:12] prokka_output/PROKKA_05302023.tbl
[14:40:12] prokka_output/PROKKA_05302023.gff
[14:40:12] prokka_output/PROKKA_05302023.gbf-r
[14:40:12] prokka_output/PROKKA_05302023.gbk
[14:40:12] prokka_output/PROKKA_05302023.ffn
[14:40:12] prokka_output/PROKKA_05302023.log
[14:40:12] prokka_output/PROKKA_05302023.faa
[14:40:12] prokka_output/PROKKA_05302023.fsa
[14:40:12] Annotation finished successfully.
[14:40:12] Walltime used: 2.25 minutes
[14:40:12] If you use this result please cite the Prokka paper:
[14:40:12] Seemann T (2014) Prokka: rapid prokaryotic genome annotation. Bioinformatics. 30(14):2068-9.
[14:40:12] Type 'prokka --citation' for more details.
[14:40:12] Share and enjoy!
